Entered completion command handler for typechar.
no completion session yet and this is NOT a trigger char, we won't have completion.
Entered completion command handler for typechar.
no completion session yet and this is NOT a trigger char, we won't have completion.
Entered completion command handler for typechar.
no completion session yet and this is NOT a trigger char, we won't have completion.
Entered completion command handler for typechar.
no completion session yet and this is NOT a trigger char, we won't have completion.
Entered completion command handler for typechar.
no completion session yet and this is NOT a trigger char, we won't have completion.
Entered completion command handler for typechar.
no completion session yet and this is NOT a trigger char, we won't have completion.
Entered completion command handler for typechar.
no completion session yet and this is a trigger char, starting model computation.
Entered completion command handler for typechar.
no completion session yet and this is NOT a trigger char, we won't have completion.
Entered completion command handler for typechar.
no completion session yet and this is NOT a trigger char, we won't have completion.
Entered completion command handler for typechar.
no completion session yet and this is NOT a trigger char, we won't have completion.
Entered completion command handler for typechar.
no completion session yet and this is NOT a trigger char, we won't have completion.
Entered completion command handler for typechar.
no completion session yet and this is NOT a trigger char, we won't have completion.
Entered completion command handler for typechar.
no completion session yet and this is NOT a trigger char, we won't have completion.
Entered completion command handler for typechar.
no completion session yet and this is a trigger char, starting model computation.
Entered completion command handler for typechar.
no completion session yet and this is NOT a trigger char, we won't have completion.
Entered completion command handler for typechar.
no completion session yet and this is NOT a trigger char, we won't have completion.
Entered completion command handler for typechar.
no completion session yet and this is NOT a trigger char, we won't have completion.
Entered completion command handler for typechar.
no completion session yet and this is NOT a trigger char, we won't have completion.
Entered completion command handler for typechar.
no completion session yet and this is NOT a trigger char, we won't have completion.
Entered completion command handler for typechar.
no completion session yet and this is NOT a trigger char, we won't have completion.
Entered completion command handler for typechar.
no completion session yet and this is a trigger char, starting model computation.
Entered completion command handler for typechar.
no completion session yet and this is NOT a trigger char, we won't have completion.
Entered completion command handler for typechar.
no completion session yet and this is NOT a trigger char, we won't have completion.
Entered completion command handler for typechar.
no completion session yet and this is NOT a trigger char, we won't have completion.
Entered completion command handler for typechar.
no completion session yet and this is NOT a trigger char, we won't have completion.
Entered completion command handler for typechar.
no completion session yet and this is NOT a trigger char, we won't have completion.
Entered completion command handler for typechar.
no completion session yet and this is NOT a trigger char, we won't have completion.
Entered completion command handler for typechar.
no completion session yet and this is NOT a trigger char, we won't have completion.
Entered completion command handler for typechar.
no completion session yet and this is a trigger char, starting model computation.
TestWindow package loaded
Informational: ------ 載入播放清單已開始 ------
Informational: ========== 載入播放清單已完成 (0:00:00.1360965) ==========
